[0401/190610.710:ERROR:process_info.cc(329)] VirtualQueryEx: Access is denied. (0x5)
[0401/190610.715:ERROR:process_info.cc(556)] ReadMemoryInfo failed
[0401/190610.717:ERROR:process_info.cc(329)] VirtualQueryEx: Access is denied. (0x5)
[0401/190610.717:ERROR:process_info.cc(556)] ReadMemoryInfo failed
[0401/190610.717:ERROR:process_memory_win.cc(39)] Failed to initialize ProcessInfo.
[0401/190610.717:ERROR:scoped_process_suspend.cc(40)] NtResumeProcess: An attempt was made to access an exiting process. (0xc000010a)
[0401/190610.715:ERROR:scoped_process_suspend.cc(40)] NtResumeProcess: An attempt was made to access an exiting process. (0xc000010a)
[0401/190639.105:ERROR:process_reader_win.cc(123)] NtOpenThread: {Access Denied} A process has requested access to an object, but has not been granted those access rights. (0xc0000022)
[0401/190639.124:ERROR:exception_snapshot_win.cc(98)] thread ID 4020 not found in process
[0401/190639.100:ERROR:process_reader_win.cc(123)] NtOpenThread: {Access Denied} A process has requested access to an object, but has not been granted those access rights. (0xc0000022)
[0401/190639.125:ERROR:exception_snapshot_win.cc(98)] thread ID 8864 not found in process
[0401/190639.134:ERROR:process_reader_win.cc(123)] NtOpenThread: {Access Denied} A process has requested access to an object, but has not been granted those access rights. (0xc0000022)
[0401/190639.134:ERROR:exception_snapshot_win.cc(98)] thread ID 7836 not found in process
[0402/111454.843:ERROR:process_reader_win.cc(151)] SuspendThread: Access is denied. (0x5)
[0402/111454.829:ERROR:process_reader_win.cc(123)] NtOpenThread: {Access Denied} A process has requested access to an object, but has not been granted those access rights. (0xc0000022)
[0402/111454.965:ERROR:process_reader_win.cc(123)] NtOpenThread: An invalid Client ID was specified. (0xc000000b)
[0402/111454.831:ERROR:process_reader_win.cc(123)] NtOpenThread: {Access Denied} A process has requested access to an object, but has not been granted those access rights. (0xc0000022)
[0402/111454.890:ERROR:scoped_process_suspend.cc(40)] NtResumeProcess: An attempt was made to access an exiting process. (0xc000010a)
[0402/111454.828:ERROR:process_reader_win.cc(123)] NtOpenThread: {Access Denied} A process has requested access to an object, but has not been granted those access rights. (0xc0000022)
[0402/111454.965:ERROR:exception_snapshot_win.cc(98)] thread ID 9400 not found in process
[0402/111454.965:ERROR:exception_snapshot_win.cc(98)] thread ID 7728 not found in process
[0402/111454.965:ERROR:scoped_process_suspend.cc(40)] NtResumeProcess: An attempt was made to access an exiting process. (0xc000010a)
[0402/111454.965:ERROR:scoped_process_suspend.cc(40)] NtResumeProcess: An attempt was made to access an exiting process. (0xc000010a)
[0402/111454.965:ERROR:exception_snapshot_win.cc(98)] thread ID 3528 not found in process
[0402/111454.966:ERROR:scoped_process_suspend.cc(40)] NtResumeProcess: An attempt was made to access an exiting process. (0xc000010a)
[0402/111454.965:ERROR:exception_snapshot_win.cc(98)] thread ID 11204 not found in process
[0402/111454.967:ERROR:scoped_process_suspend.cc(40)] NtResumeProcess: An attempt was made to access an exiting process. (0xc000010a)
[0402/122629.901:ERROR:process_reader_win.cc(123)] NtOpenThread: {Access Denied} A process has requested access to an object, but has not been granted those access rights. (0xc0000022)
[0402/122630.013:ERROR:exception_snapshot_win.cc(98)] thread ID 11884 not found in process
[0402/122630.013:ERROR:scoped_process_suspend.cc(40)] NtResumeProcess: An attempt was made to access an exiting process. (0xc000010a)
[0402/125153.033:ERROR:process_reader_win.cc(123)] NtOpenThread: {Access Denied} A process has requested access to an object, but has not been granted those access rights. (0xc0000022)
[0402/125153.036:ERROR:process_reader_win.cc(123)] NtOpenThread: {Access Denied} A process has requested access to an object, but has not been granted those access rights. (0xc0000022)
[0402/125153.073:ERROR:process_reader_win.cc(123)] NtOpenThread: {Access Denied} A process has requested access to an object, but has not been granted those access rights. (0xc0000022)
[0402/125153.159:ERROR:exception_snapshot_win.cc(98)] thread ID 11140 not found in process
[0402/125153.159:ERROR:exception_snapshot_win.cc(98)] thread ID 10096 not found in process
[0402/125153.159:ERROR:exception_snapshot_win.cc(98)] thread ID 7360 not found in process
[0402/125153.159:ERROR:scoped_process_suspend.cc(40)] NtResumeProcess: An attempt was made to access an exiting process. (0xc000010a)
[0402/125153.159:ERROR:scoped_process_suspend.cc(40)] NtResumeProcess: An attempt was made to access an exiting process. (0xc000010a)
[0402/125153.159:ERROR:scoped_process_suspend.cc(40)] NtResumeProcess: An attempt was made to access an exiting process. (0xc000010a)
[0402/142133.950:ERROR:process_reader_win.cc(151)] SuspendThread: Access is denied. (0x5)
[0402/142134.120:ERROR:process_reader_win.cc(151)] SuspendThread: Access is denied. (0x5)
[0402/142133.955:ERROR:process_reader_win.cc(151)] SuspendThread: Access is denied. (0x5)
[0402/142134.126:ERROR:process_reader_win.cc(151)] SuspendThread: Access is denied. (0x5)
[0402/142134.126:ERROR:process_reader_win.cc(123)] NtOpenThread: An invalid Client ID was specified. (0xc000000b)
[0402/142134.126:ERROR:process_reader_win.cc(151)] SuspendThread: Access is denied. (0x5)
[0402/142134.126:ERROR:process_reader_win.cc(123)] NtOpenThread: An invalid Client ID was specified. (0xc000000b)
[0402/142134.126:ERROR:process_reader_win.cc(151)] SuspendThread: Access is denied. (0x5)
[0402/142134.126:ERROR:process_reader_win.cc(123)] NtOpenThread: An invalid Client ID was specified. (0xc000000b)
[0402/142134.126:ERROR:process_reader_win.cc(151)] SuspendThread: Access is denied. (0x5)
[0402/142134.126:ERROR:exception_snapshot_win.cc(98)] thread ID 1100 not found in process
[0402/142134.126:ERROR:process_reader_win.cc(151)] SuspendThread: Access is denied. (0x5)
[0402/142134.126:ERROR:process_reader_win.cc(123)] NtOpenThread: An invalid Client ID was specified. (0xc000000b)
[0402/142134.126:ERROR:exception_snapshot_win.cc(98)] thread ID 9384 not found in process
[0402/142134.126:ERROR:scoped_process_suspend.cc(40)] NtResumeProcess: An attempt was made to access an exiting process. (0xc000010a)
